<?xml version="1.0" encoding="UTF-8"?>
<!-- Generated by org.testng.reporters.JUnitReportReporter -->
<testsuite hostname="Krupal_Chavda" failures="0" tests="1" name="com.kbc.testcases.OpenAccountTest" time="0.662" errors="0" timestamp="2024-09-07T09:48:32 IST" skipped="0">
  <testcase classname="com.kbc.testcases.OpenAccountTest" name="openAccountTest" time="0.662"/>
</testsuite> <!-- com.kbc.testcases.OpenAccountTest -->
