<?xml version="1.0" encoding="UTF-8"?>
<!-- Generated by org.testng.reporters.JUnitReportReporter -->
<testsuite hostname="Krupal_Chavda" failures="0" tests="4" name="com.kbc.testcases.AddCustomerTest" time="6.323" errors="0" timestamp="2024-08-10T12:35:28 IST" skipped="0">
  <testcase classname="com.kbc.testcases.AddCustomerTest" name="addCustomerTest" time="1.258"/>
  <testcase classname="com.kbc.testcases.AddCustomerTest" name="addCustomerTest" time="2.585"/>
  <testcase classname="com.kbc.testcases.AddCustomerTest" name="addCustomerTest" time="1.226"/>
  <testcase classname="com.kbc.testcases.AddCustomerTest" name="addCustomerTest" time="1.254"/>
</testsuite> <!-- com.kbc.testcases.AddCustomerTest -->
