<?xml version="1.0" encoding="UTF-8"?>
<!-- Generated by org.testng.reporters.JUnitReportReporter -->
<testsuite hostname="Krupal_Chavda" failures="0" tests="1" name="com.kbc.testcases.BankManagerLoginTest" time="0.268" errors="0" timestamp="2024-09-07T09:48:32 IST" skipped="0">
  <testcase classname="com.kbc.testcases.BankManagerLoginTest" name="bankManagerLoginTest" time="0.268"/>
</testsuite> <!-- com.kbc.testcases.BankManagerLoginTest -->
