<?xml version="1.0" encoding="UTF-8"?>
<!-- Generated by org.testng.reporters.JUnitReportReporter -->
<testsuite hostname="Krupal_Chavda" failures="0" tests="1" name="com.kbc.testcases.BankManagerLoginTest" time="0.295" errors="0" timestamp="2024-11-09T11:15:35 IST" skipped="0">
  <testcase classname="com.kbc.testcases.BankManagerLoginTest" name="bankManagerLoginTest" time="0.295"/>
</testsuite> <!-- com.kbc.testcases.BankManagerLoginTest -->
