<?xml version="1.0" encoding="UTF-8"?>
<!-- Generated by org.testng.reporters.JUnitReportReporter -->
<testsuite hostname="Krupal_Chavda" failures="0" tests="4" name="com.kbc.testcases.AddCustomerTest" time="2.912" errors="0" timestamp="2024-08-14T08:43:06 IST" skipped="0">
  <testcase classname="com.kbc.testcases.AddCustomerTest" name="addCustomerTest" time="0.731"/>
  <testcase classname="com.kbc.testcases.AddCustomerTest" name="addCustomerTest" time="0.794"/>
  <testcase classname="com.kbc.testcases.AddCustomerTest" name="addCustomerTest" time="0.780"/>
  <testcase classname="com.kbc.testcases.AddCustomerTest" name="addCustomerTest" time="0.607"/>
</testsuite> <!-- com.kbc.testcases.AddCustomerTest -->
