<?xml version="1.0" encoding="UTF-8"?>
<!-- Generated by org.testng.reporters.JUnitReportReporter -->
<testsuite hostname="Krupal_Chavda" failures="0" tests="1" name="com.kbc.testcases.OpenAccountTest" time="0.952" errors="0" timestamp="2024-08-10T12:35:28 IST" skipped="0">
  <testcase classname="com.kbc.testcases.OpenAccountTest" name="openAccountTest" time="0.952"/>
</testsuite> <!-- com.kbc.testcases.OpenAccountTest -->
