<?xml version="1.0" encoding="UTF-8"?>
<!-- Generated by org.testng.reporters.JUnitReportReporter -->
<testsuite hostname="Krupal_Chavda" failures="0" tests="4" name="com.kbc.testcases.AddCustomerTest" time="1.688" errors="0" timestamp="2024-08-16T19:38:46 IST" skipped="0">
  <testcase classname="com.kbc.testcases.AddCustomerTest" name="addCustomerTest" time="0.393"/>
  <testcase classname="com.kbc.testcases.AddCustomerTest" name="addCustomerTest" time="0.449"/>
  <testcase classname="com.kbc.testcases.AddCustomerTest" name="addCustomerTest" time="0.432"/>
  <testcase classname="com.kbc.testcases.AddCustomerTest" name="addCustomerTest" time="0.414"/>
</testsuite> <!-- com.kbc.testcases.AddCustomerTest -->
