<?xml version="1.0" encoding="UTF-8"?>
<!-- Generated by org.testng.reporters.JUnitReportReporter -->
<testsuite hostname="Krupal_Chavda" failures="0" tests="4" name="com.kbc.testcases.AddCustomerTest" time="3.895" errors="0" timestamp="2024-09-07T09:48:32 IST" skipped="0">
  <testcase classname="com.kbc.testcases.AddCustomerTest" name="addCustomerTest" time="0.820"/>
  <testcase classname="com.kbc.testcases.AddCustomerTest" name="addCustomerTest" time="0.754"/>
  <testcase classname="com.kbc.testcases.AddCustomerTest" name="addCustomerTest" time="1.030"/>
  <testcase classname="com.kbc.testcases.AddCustomerTest" name="addCustomerTest" time="1.291"/>
</testsuite> <!-- com.kbc.testcases.AddCustomerTest -->
