<?xml version="1.0" encoding="UTF-8"?>
<!-- Generated by org.testng.reporters.JUnitReportReporter -->
<testsuite hostname="Krupal_Chavda" failures="0" tests="4" name="com.kbc.testcases.AddCustomerTest" time="4.154" errors="0" timestamp="2024-11-09T11:15:35 IST" skipped="0">
  <testcase classname="com.kbc.testcases.AddCustomerTest" name="addCustomerTest" time="0.959"/>
  <testcase classname="com.kbc.testcases.AddCustomerTest" name="addCustomerTest" time="0.985"/>
  <testcase classname="com.kbc.testcases.AddCustomerTest" name="addCustomerTest" time="0.599"/>
  <testcase classname="com.kbc.testcases.AddCustomerTest" name="addCustomerTest" time="1.611"/>
</testsuite> <!-- com.kbc.testcases.AddCustomerTest -->
