<?xml version="1.0" encoding="UTF-8"?>
<!-- Generated by org.testng.reporters.JUnitReportReporter -->
<testsuite skipped="0" hostname="DESKTOP-FNF69NB" name="com.w2a.testcases.OpenAccountTest" tests="1" failures="0" timestamp="07 Jan 2018 07:55:38 GMT" time="3.608" errors="0">
  <testcase name="openAccountTest" time="3.608" classname="com.w2a.testcases.OpenAccountTest"/>
</testsuite> <!-- com.w2a.testcases.OpenAccountTest -->
