<?xml version="1.0" encoding="UTF-8"?>
<!-- Generated by org.testng.reporters.JUnitReportReporter -->
<testsuite skipped="1" hostname="DESKTOP-FNF69NB" name="com.w2a.testcases.AddCustomerTest" tests="4" failures="0" timestamp="07 Jan 2018 07:55:38 GMT" time="89.828" errors="0">
  <testcase name="addCustomerTest" time="5.595" classname="com.w2a.testcases.AddCustomerTest"/>
  <testcase name="addCustomerTest" time="79.251" classname="com.w2a.testcases.AddCustomerTest"/>
  <testcase name="addCustomerTest" time="4.982" classname="com.w2a.testcases.AddCustomerTest"/>
  <testcase name="addCustomerTest" time="0.000" classname="com.w2a.testcases.AddCustomerTest">
    <skipped/>
  </testcase> <!-- addCustomerTest -->
</testsuite> <!-- com.w2a.testcases.AddCustomerTest -->
